\BOOKMARK [0][-]{section*.2}{\376\377\000P\000h\000D\000\040\000T\000h\000e\000s\000i\000s\000\040\000E\000x\000a\000m\000i\000n\000a\000t\000i\000o\000n\000\040\000C\000o\000m\000m\000i\000t\000t\000e\000e}{}% 1
\BOOKMARK [0][-]{section*.3}{\376\377\000A\000b\000s\000t\000r\000a\000c\000t}{}% 2
\BOOKMARK [0][-]{section*.5}{\376\377\000P\000u\000b\000l\000i\000c\000a\000t\000i\000o\000n\000s}{}% 3
\BOOKMARK [0][-]{section*.6}{\376\377\000A\000c\000k\000n\000o\000w\000l\000e\000d\000g\000e\000m\000e\000n\000t\000s}{}% 4
\BOOKMARK [0][-]{chapter.12}{\376\377\000I\000n\000t\000r\000o\000d\000u\000c\000t\000i\000o\000n}{}% 5
\BOOKMARK [1][-]{section.13}{\376\377\000D\000e\000p\000e\000n\000d\000e\000n\000c\000y\000\040\000T\000r\000e\000e\000s}{chapter.12}% 6
\BOOKMARK [1][-]{section.16}{\376\377\000M\000o\000t\000i\000v\000a\000t\000i\000o\000n}{chapter.12}% 7
\BOOKMARK [2][-]{subsection.17}{\376\377\000D\000e\000p\000e\000n\000d\000e\000n\000c\000y\000-\000G\000u\000i\000d\000e\000d\000\040\000N\000a\000m\000e\000d\000\040\000E\000n\000t\000i\000t\000y\000\040\000R\000e\000c\000o\000g\000n\000i\000t\000i\000o\000n}{section.16}% 8
\BOOKMARK [2][-]{subsection.19}{\376\377\000D\000e\000p\000e\000n\000d\000e\000n\000c\000i\000e\000s\000\040\000i\000n\000\040\000S\000e\000m\000a\000n\000t\000i\000c\000\040\000P\000a\000r\000s\000i\000n\000g}{section.16}% 9
\BOOKMARK [1][-]{section.21}{\376\377\000T\000h\000e\000s\000i\000s\000\040\000O\000u\000t\000l\000i\000n\000e}{chapter.12}% 10
\BOOKMARK [1][-]{section.22}{\376\377\000C\000o\000n\000t\000r\000i\000b\000u\000t\000i\000o\000n\000s}{chapter.12}% 11
\BOOKMARK [0][-]{chapter.23}{\376\377\000B\000a\000c\000k\000g\000r\000o\000u\000n\000d\000:\000\040\000N\000a\000m\000e\000d\000\040\000E\000n\000t\000i\000t\000y\000\040\000R\000e\000c\000o\000g\000n\000i\000t\000i\000o\000n\000\040\000a\000n\000d\000\040\000S\000e\000m\000a\000n\000t\000i\000c\000\040\000P\000a\000r\000s\000i\000n\000g}{}% 12
\BOOKMARK [1][-]{section.24}{\376\377\000N\000a\000m\000e\000d\000\040\000E\000n\000t\000i\000t\000y\000\040\000R\000e\000c\000o\000g\000n\000i\000t\000i\000o\000n}{chapter.23}% 13
\BOOKMARK [2][-]{subsection.25}{\376\377\000R\000e\000s\000o\000u\000r\000c\000e\000s}{section.24}% 14
\BOOKMARK [2][-]{subsection.31}{\376\377\000A\000p\000p\000r\000o\000a\000c\000h\000e\000s}{section.24}% 15
\BOOKMARK [2][-]{subsection.34}{\376\377\000C\000h\000a\000l\000l\000e\000n\000g\000e\000s}{section.24}% 16
\BOOKMARK [1][-]{section.35}{\376\377\000S\000e\000m\000a\000n\000t\000i\000c\000\040\000P\000a\000r\000s\000i\000n\000g}{chapter.23}% 17
\BOOKMARK [2][-]{subsection.36}{\376\377\000M\000e\000a\000n\000i\000n\000g\000\040\000R\000e\000p\000r\000e\000s\000e\000n\000t\000a\000t\000i\000o\000n\000s}{section.35}% 18
\BOOKMARK [2][-]{subsection.38}{\376\377\000A\000p\000p\000r\000o\000a\000c\000h\000e\000s}{section.35}% 19
\BOOKMARK [0][-]{chapter.45}{\376\377\000D\000e\000p\000e\000n\000d\000e\000n\000c\000y\000-\000G\000u\000i\000d\000e\000d\000\040\000N\000a\000m\000e\000d\000\040\000E\000n\000t\000i\000t\000y\000\040\000R\000e\000c\000o\000g\000n\000i\000t\000i\000o\000n}{}% 20
\BOOKMARK [1][-]{section.46}{\376\377\000M\000o\000t\000i\000v\000a\000t\000i\000o\000n}{chapter.45}% 21
\BOOKMARK [1][-]{section.48}{\376\377\000R\000e\000l\000a\000t\000e\000d\000\040\000W\000o\000r\000k}{chapter.45}% 22
\BOOKMARK [1][-]{section.49}{\376\377\000B\000a\000c\000k\000g\000r\000o\000u\000n\000d}{chapter.45}% 23
\BOOKMARK [2][-]{subsection.50}{\376\377\000L\000i\000n\000e\000a\000r\000-\000c\000h\000a\000i\000n\000\040\000C\000R\000F\000s}{section.49}% 24
\BOOKMARK [2][-]{subsection.57}{\376\377\000S\000e\000m\000i\000-\000M\000a\000r\000k\000o\000v\000\040\000C\000R\000F\000s}{section.49}% 25
\BOOKMARK [1][-]{section.59}{\376\377\000O\000u\000r\000\040\000M\000o\000d\000e\000l}{chapter.45}% 26
\BOOKMARK [2][-]{subsection.60}{\376\377\000N\000E\000R\000\040\000w\000i\000t\000h\000\040\000D\000e\000p\000e\000n\000d\000e\000n\000c\000y\000\040\000F\000e\000a\000t\000u\000r\000e\000s}{section.59}% 27
\BOOKMARK [2][-]{subsection.61}{\376\377\000D\000e\000p\000e\000n\000d\000e\000n\000c\000y\000-\000G\000u\000i\000d\000e\000d\000\040\000N\000E\000R}{section.59}% 28
\BOOKMARK [2][-]{subsection.63}{\376\377\000T\000i\000m\000e\000\040\000C\000o\000m\000p\000l\000e\000x\000i\000t\000y}{section.59}% 29
\BOOKMARK [2][-]{subsection.67}{\376\377\000N\000u\000m\000b\000e\000r\000\040\000o\000f\000\040\000E\000d\000g\000e\000s}{section.59}% 30
\BOOKMARK [3][-]{section*.68}{\376\377\000E\000m\000p\000i\000r\000i\000c\000a\000l\000\040\000C\000o\000u\000n\000t}{subsection.67}% 31
\BOOKMARK [1][-]{section.71}{\376\377\000E\000x\000p\000e\000r\000i\000m\000e\000n\000t\000a\000l\000\040\000S\000e\000t\000u\000p}{chapter.45}% 32
\BOOKMARK [2][-]{subsection.77}{\376\377\000F\000e\000a\000t\000u\000r\000e\000s}{section.71}% 33
\BOOKMARK [2][-]{subsection.78}{\376\377\000F\000e\000a\000t\000u\000r\000e\000\040\000R\000e\000p\000r\000e\000s\000e\000n\000t\000a\000t\000i\000o\000n\000s}{section.71}% 34
\BOOKMARK [2][-]{subsection.81}{\376\377\000D\000a\000t\000a\000\040\000S\000t\000a\000t\000i\000s\000t\000i\000c\000s}{section.71}% 35
\BOOKMARK [2][-]{subsection.83}{\376\377\000D\000e\000t\000a\000i\000l\000e\000d\000\040\000D\000a\000t\000a\000\040\000S\000t\000a\000t\000i\000s\000t\000i\000c\000s\000\040\000a\000n\000d\000\040\000P\000a\000r\000a\000m\000e\000t\000e\000r\000\040\000T\000u\000n\000i\000n\000g}{section.71}% 36
\BOOKMARK [1][-]{section.85}{\376\377\000R\000e\000s\000u\000l\000t\000s\000\040\000a\000n\000d\000\040\000D\000i\000s\000c\000u\000s\000s\000i\000o\000n\000s}{chapter.45}% 37
\BOOKMARK [2][-]{subsection.86}{\376\377\000N\000E\000R\000\040\000P\000e\000r\000f\000o\000r\000m\000a\000n\000c\000e}{section.85}% 38
\BOOKMARK [2][-]{subsection.91}{\376\377\000E\000r\000r\000o\000r\000\040\000A\000n\000a\000l\000y\000s\000i\000s}{section.85}% 39
\BOOKMARK [2][-]{subsection.92}{\376\377\000S\000p\000e\000e\000d\000\040\000A\000n\000a\000l\000y\000s\000i\000s}{section.85}% 40
\BOOKMARK [2][-]{subsection.94}{\376\377\000R\000e\000s\000u\000l\000t\000s\000\040\000o\000n\000\040\000S\000e\000m\000E\000v\000a\000l\000-\0002\0000\0001\0000\000\040\000T\000a\000s\000k\000\040\0001\000\040\000D\000a\000t\000a\000s\000e\000t}{section.85}% 41
\BOOKMARK [2][-]{subsection.97}{\376\377\000F\000u\000l\000l\000\040\000R\000e\000s\000u\000l\000t\000s\000\040\000w\000i\000t\000h\000\040\000P\000r\000e\000c\000i\000s\000i\000o\000n\000,\000\040\000R\000e\000c\000a\000l\000l\000\040\000a\000n\000d\000\040\000F\000-\000s\000c\000o\000r\000e}{section.85}% 42
\BOOKMARK [1][-]{section.102}{\376\377\000C\000o\000n\000c\000l\000u\000s\000i\000o\000n}{chapter.45}% 43
\BOOKMARK [0][-]{chapter.103}{\376\377\000D\000e\000p\000e\000n\000d\000e\000n\000c\000y\000-\000G\000u\000i\000d\000e\000d\000\040\000L\000S\000T\000M\000-\000C\000R\000F\000\040\000f\000o\000r\000\040\000N\000a\000m\000e\000d\000\040\000E\000n\000t\000i\000t\000y\000\040\000R\000e\000c\000o\000g\000n\000i\000t\000i\000o\000n}{}% 44
\BOOKMARK [1][-]{section.105}{\376\377\000R\000e\000l\000a\000t\000e\000d\000\040\000W\000o\000r\000k}{chapter.103}% 45
\BOOKMARK [1][-]{section.106}{\376\377\000M\000o\000d\000e\000l}{chapter.103}% 46
\BOOKMARK [2][-]{subsection.107}{\376\377\000B\000a\000c\000k\000g\000r\000o\000u\000n\000d\000:\000\040\000B\000i\000L\000S\000T\000M\000-\000C\000R\000F}{section.106}% 47
\BOOKMARK [2][-]{subsection.112}{\376\377\000D\000e\000p\000e\000n\000d\000e\000n\000c\000y\000-\000G\000u\000i\000d\000e\000d\000\040\000L\000S\000T\000M\000-\000C\000R\000F}{section.106}% 48
\BOOKMARK [1][-]{section.121}{\376\377\000E\000x\000p\000e\000r\000i\000m\000e\000n\000t\000s}{chapter.103}% 49
\BOOKMARK [2][-]{subsection.139}{\376\377\000M\000a\000i\000n\000\040\000R\000e\000s\000u\000l\000t\000s}{section.121}% 50
\BOOKMARK [2][-]{subsection.148}{\376\377\000A\000d\000d\000i\000t\000i\000o\000n\000a\000l\000\040\000E\000x\000p\000e\000r\000i\000m\000e\000n\000t\000s}{section.121}% 51
\BOOKMARK [1][-]{section.157}{\376\377\000A\000n\000a\000l\000y\000s\000i\000s}{chapter.103}% 52
\BOOKMARK [2][-]{subsection.158}{\376\377\000E\000f\000f\000e\000c\000t\000i\000v\000e\000n\000e\000s\000s\000\040\000o\000f\000\040\000D\000e\000p\000e\000n\000d\000e\000n\000c\000y\000\040\000R\000e\000l\000a\000t\000i\000o\000n\000s}{section.157}% 53
\BOOKMARK [2][-]{subsection.160}{\376\377\000E\000n\000t\000i\000t\000y\000\040\000w\000i\000t\000h\000\040\000D\000i\000f\000f\000e\000r\000e\000n\000t\000\040\000L\000e\000n\000g\000t\000h\000s}{section.157}% 54
\BOOKMARK [1][-]{section.162}{\376\377\000R\000e\000l\000a\000t\000i\000o\000n\000\040\000P\000a\000i\000r\000s\000\040\000o\000n\000\040\000G\000r\000a\000n\000d\000c\000h\000i\000l\000d\000\040\000D\000e\000p\000e\000n\000d\000e\000n\000c\000i\000e\000s}{chapter.103}% 55
\BOOKMARK [1][-]{section.164}{\376\377\000C\000o\000n\000c\000l\000u\000s\000i\000o\000n\000s}{chapter.103}% 56
\BOOKMARK [1][-]{section.165}{\376\377\000L\000e\000a\000r\000n\000i\000n\000g\000\040\000L\000a\000t\000e\000n\000t\000\040\000D\000e\000p\000e\000n\000d\000e\000n\000c\000y\000\040\000f\000o\000r\000\040\000N\000a\000m\000e\000d\000\040\000E\000n\000t\000i\000t\000y\000\040\000R\000e\000c\000o\000g\000n\000i\000t\000i\000o\000n\000\040\000\050\000F\000u\000t\000u\000r\000e\000\040\000W\000o\000r\000k\000\051}{chapter.103}% 57
\BOOKMARK [2][-]{subsection.166}{\376\377\000D\000e\000p\000e\000n\000d\000e\000n\000c\000y\000\040\000T\000r\000e\000e\000s\000\040\000a\000s\000\040\000L\000a\000t\000e\000n\000t\000\040\000V\000a\000r\000i\000a\000b\000l\000e\000s}{section.165}% 58
\BOOKMARK [2][-]{subsection.169}{\376\377\000M\000u\000l\000t\000i\000-\000t\000a\000s\000k\000\040\000L\000e\000a\000r\000n\000i\000n\000g}{section.165}% 59
\BOOKMARK [1][-]{section.170}{\376\377\000C\000o\000n\000n\000e\000c\000t\000i\000o\000n\000s\000\040\000b\000e\000t\000w\000e\000e\000n\000\040\000t\000h\000e\000\040\000D\000G\000L\000S\000T\000M\000-\000C\000R\000F\000\040\000a\000n\000d\000\040\000D\000G\000M\000\040\000i\000n\000\040\000C\000h\000a\000p\000t\000e\000r\000\040\0003}{chapter.103}% 60
\BOOKMARK [0][-]{chapter.174}{\376\377\000N\000a\000m\000e\000d\000\040\000E\000n\000t\000i\000t\000y\000\040\000R\000e\000c\000o\000g\000n\000i\000t\000i\000o\000n\000\040\000w\000i\000t\000h\000\040\000I\000n\000c\000o\000m\000p\000l\000e\000t\000e\000\040\000A\000n\000n\000o\000t\000a\000t\000i\000o\000n\000s}{}% 61
\BOOKMARK [1][-]{section.175}{\376\377\000I\000n\000t\000r\000o\000d\000u\000c\000t\000i\000o\000n}{chapter.174}% 62
\BOOKMARK [1][-]{section.179}{\376\377\000R\000e\000l\000a\000t\000e\000d\000\040\000W\000o\000r\000k}{chapter.174}% 63
\BOOKMARK [1][-]{section.181}{\376\377\000A\000p\000p\000r\000o\000a\000c\000h}{chapter.174}% 64
\BOOKMARK [2][-]{subsection.188}{\376\377\000E\000s\000t\000i\000m\000a\000t\000i\000n\000g\000\040\000q}{section.181}% 65
\BOOKMARK [1][-]{section.190}{\376\377\000E\000x\000p\000e\000r\000i\000m\000e\000n\000t\000s}{chapter.174}% 66
\BOOKMARK [2][-]{subsection.198}{\376\377\000B\000a\000s\000e\000l\000i\000n\000e\000\040\000S\000y\000s\000t\000e\000m\000s}{section.190}% 67
\BOOKMARK [1][-]{section.211}{\376\377\000D\000e\000p\000e\000n\000d\000e\000n\000c\000y\000-\000b\000a\000s\000e\000d\000\040\000S\000o\000l\000u\000t\000i\000o\000n\000:\000\040\000A\000s\000\040\000a\000\040\000F\000u\000t\000u\000r\000e\000\040\000W\000o\000r\000k}{chapter.174}% 68
\BOOKMARK [2][-]{subsection.212}{\376\377\000E\000n\000t\000i\000t\000y\000\040\000C\000a\000n\000d\000i\000d\000a\000t\000e\000\040\000S\000e\000l\000e\000c\000t\000i\000o\000n}{section.211}% 69
\BOOKMARK [1][-]{section.213}{\376\377\000C\000o\000n\000c\000l\000u\000s\000i\000o\000n\000s}{chapter.174}% 70
\BOOKMARK [0][-]{chapter.214}{\376\377\000D\000e\000p\000e\000n\000d\000e\000n\000c\000y\000-\000b\000a\000s\000e\000d\000\040\000H\000y\000b\000r\000i\000d\000\040\000T\000r\000e\000e\000s\000\040\000f\000o\000r\000\040\000S\000e\000m\000a\000n\000t\000i\000c\000\040\000P\000a\000r\000s\000i\000n\000g}{}% 71
\BOOKMARK [1][-]{section.215}{\376\377\000I\000n\000t\000r\000o\000d\000u\000c\000t\000i\000o\000n}{chapter.214}% 72
\BOOKMARK [1][-]{section.217}{\376\377\000R\000e\000l\000a\000t\000e\000d\000\040\000W\000o\000r\000k}{chapter.214}% 73
\BOOKMARK [1][-]{section.219}{\376\377\000A\000p\000p\000r\000o\000a\000c\000h}{chapter.214}% 74
\BOOKMARK [2][-]{subsection.220}{\376\377\000V\000a\000r\000i\000a\000b\000l\000e\000-\000f\000r\000e\000e\000\040\000S\000e\000m\000a\000n\000t\000i\000c\000s}{section.219}% 75
\BOOKMARK [2][-]{subsection.221}{\376\377\000D\000e\000p\000e\000n\000d\000e\000n\000c\000y\000-\000b\000a\000s\000e\000d\000\040\000H\000y\000b\000r\000i\000d\000\040\000T\000r\000e\000e\000s}{section.219}% 76
\BOOKMARK [2][-]{subsection.225}{\376\377\000E\000x\000p\000r\000e\000s\000s\000i\000v\000e\000n\000e\000s\000s\000\040\000o\000f\000\040\000D\000e\000p\000e\000n\000d\000e\000n\000c\000y\000-\000b\000a\000s\000e\000d\000\040\000H\000y\000b\000r\000i\000d\000\040\000T\000r\000e\000e\000s}{section.219}% 77
\BOOKMARK [2][-]{subsection.227}{\376\377\000D\000e\000p\000e\000n\000d\000e\000n\000c\000y\000\040\000P\000a\000t\000t\000e\000r\000n\000s}{section.219}% 78
\BOOKMARK [2][-]{subsection.232}{\376\377\000M\000o\000d\000e\000l}{section.219}% 79
\BOOKMARK [2][-]{subsection.237}{\376\377\000L\000e\000a\000r\000n\000i\000n\000g\000\040\000a\000n\000d\000\040\000D\000e\000c\000o\000d\000i\000n\000g}{section.219}% 80
\BOOKMARK [2][-]{subsection.243}{\376\377\000F\000e\000a\000t\000u\000r\000e\000s}{section.219}% 81
\BOOKMARK [2][-]{subsection.245}{\376\377\000N\000e\000u\000r\000a\000l\000\040\000C\000o\000m\000p\000o\000n\000e\000n\000t}{section.219}% 82
\BOOKMARK [1][-]{section.247}{\376\377\000E\000x\000p\000e\000r\000i\000m\000e\000n\000t\000s}{chapter.214}% 83
\BOOKMARK [2][-]{subsection.252}{\376\377\000B\000a\000s\000e\000l\000i\000n\000e\000\040\000S\000y\000s\000t\000e\000m\000s}{section.247}% 84
\BOOKMARK [2][-]{subsection.254}{\376\377\000R\000e\000s\000u\000l\000t\000s\000\040\000a\000n\000d\000\040\000D\000i\000s\000c\000u\000s\000s\000i\000o\000n}{section.247}% 85
\BOOKMARK [1][-]{section.262}{\376\377\000C\000o\000n\000c\000l\000u\000s\000i\000o\000n\000s}{chapter.214}% 86
\BOOKMARK [1][-]{section.263}{\376\377\000D\000e\000p\000e\000n\000d\000e\000n\000c\000y\000-\000b\000a\000s\000e\000d\000\040\000H\000y\000b\000r\000i\000d\000\040\000T\000r\000e\000e\000\040\000f\000o\000r\000\040\000S\000Q\000L\000\040\000P\000a\000r\000s\000i\000n\000g}{chapter.214}% 87
\BOOKMARK [0][-]{chapter.264}{\376\377\000P\000o\000t\000e\000n\000t\000i\000a\000l\000\040\000R\000e\000s\000e\000a\000r\000c\000h\000\040\000D\000i\000r\000e\000c\000t\000i\000o\000n\000s}{}% 88
\BOOKMARK [1][-]{section.265}{\376\377\000J\000o\000i\000n\000t\000\040\000D\000e\000p\000e\000n\000d\000e\000n\000c\000y\000\040\000P\000a\000r\000s\000i\000n\000g\000\040\000a\000n\000d\000\040\000N\000a\000m\000e\000d\000\040\000E\000n\000t\000i\000t\000y\000\040\000R\000e\000c\000o\000g\000n\000i\000t\000i\000o\000n}{chapter.264}% 89
\BOOKMARK [2][-]{subsection.267}{\376\377\000E\000i\000s\000n\000e\000r\000'\000s\000\040\000F\000i\000r\000s\000t\000-\000o\000r\000d\000e\000r\000\040\000P\000a\000r\000s\000e\000r}{section.265}% 90
\BOOKMARK [2][-]{subsection.269}{\376\377\000J\000o\000i\000n\000t\000\040\000D\000e\000p\000e\000n\000d\000e\000n\000c\000y\000\040\000a\000n\000d\000\040\000N\000a\000m\000e\000d\000\040\000E\000n\000t\000i\000t\000y\000\040\000M\000o\000d\000e\000l}{section.265}% 91
\BOOKMARK [2][-]{subsection.273}{\376\377\000L\000o\000g\000-\000L\000i\000n\000e\000a\000r\000\040\000M\000o\000d\000e\000l\000i\000n\000g}{section.265}% 92
\BOOKMARK [2][-]{subsection.277}{\376\377\000P\000r\000e\000l\000i\000m\000i\000n\000a\000r\000y\000\040\000E\000x\000p\000e\000r\000i\000m\000e\000n\000t\000s}{section.265}% 93
\BOOKMARK [2][-]{subsection.282}{\376\377\000D\000a\000t\000a\000s\000e\000t}{section.265}% 94
\BOOKMARK [2][-]{subsection.284}{\376\377\000R\000e\000s\000u\000l\000t\000s}{section.265}% 95
\BOOKMARK [1][-]{section.286}{\376\377\000D\000e\000p\000e\000n\000d\000e\000n\000c\000y\000\040\000a\000s\000\040\000G\000r\000a\000p\000h\000i\000c\000a\000l\000\040\000M\000o\000d\000e\000l\000s\000\040\000f\000o\000r\000\040\000N\000E\000R}{chapter.264}% 96
\BOOKMARK [1][-]{section.287}{\376\377\000U\000n\000i\000v\000e\000r\000s\000a\000l\000\040\000H\000y\000b\000r\000i\000d\000\040\000T\000r\000e\000e\000\040\000F\000r\000a\000m\000e\000w\000o\000r\000k\000\040\000f\000o\000r\000\040\000S\000e\000m\000a\000n\000t\000i\000c\000\040\000P\000a\000r\000s\000i\000n\000g}{chapter.264}% 97
\BOOKMARK [0][-]{chapter.288}{\376\377\000C\000o\000n\000c\000l\000u\000s\000i\000o\000n\000s}{}% 98
\BOOKMARK [0][-]{chapter*.289}{\376\377\000B\000i\000b\000l\000i\000o\000g\000r\000a\000p\000h\000y}{}% 99
